<?xml version="1.0" encoding="UTF-8"?>
<!-- Generated by org.testng.reporters.JUnitReportReporter -->
<testsuite hostname="comp-63" name="com.immply.mainclass.TwitterShare" tests="2" failures="0" timestamp="16 Nov 2016 07:34:16 GMT" time="54.263" errors="0">
  <testcase name="TweetShare" time="11.299" classname="com.immply.mainclass.TwitterShare"/>
  <testcase name="TweetLoginPage" time="42.964" classname="com.immply.mainclass.TwitterShare"/>
</testsuite> <!-- com.immply.mainclass.TwitterShare -->
