<?xml version="1.0" encoding="UTF-8"?>
<!-- Generated by org.testng.reporters.JUnitReportReporter -->
<testsuite hostname="G-10" name="mainclass.FacebookShare" tests="9" failures="0" timestamp="17 Jun 2016 07:31:33 GMT" time="276.888" errors="0">
  <testcase name="testEnterDatails" time="15.267" classname="mainclass.FacebookShare"/>
  <testcase name="testEnterDatails" time="15.772" classname="mainclass.FacebookShare"/>
  <testcase name="testFBShare" time="36.759" classname="mainclass.FacebookShare"/>
  <testcase name="testFBShare" time="22.639" classname="mainclass.FacebookShare"/>
  <testcase name="testFBShare" time="34.590" classname="mainclass.FacebookShare"/>
  <testcase name="testEnterDatails" time="15.697" classname="mainclass.FacebookShare"/>
  <testcase name="testFBShareWindow" time="38.755" classname="mainclass.FacebookShare"/>
  <testcase name="testFBShareWindow" time="37.289" classname="mainclass.FacebookShare"/>
  <testcase name="testFBShareWindow" time="60.120" classname="mainclass.FacebookShare"/>
</testsuite> <!-- mainclass.FacebookShare -->
