<?xml version="1.0" encoding="UTF-8"?>
<!-- Generated by org.testng.reporters.JUnitReportReporter -->
<testsuite hostname="G-10" name="mainclass.TestBitlyRun" tests="3" failures="0" timestamp="17 Jun 2016 07:31:33 GMT" time="239.095" errors="0">
  <testcase name="testGmailPage" time="129.201" classname="mainclass.TestBitlyRun"/>
  <testcase name="TesttweetLoginPage" time="76.483" classname="mainclass.TestBitlyRun"/>
  <testcase name="TestFBLoginPage" time="33.411" classname="mainclass.TestBitlyRun"/>
</testsuite> <!-- mainclass.TestBitlyRun -->
