<?xml version="1.0" encoding="UTF-8"?>
<!-- Generated by org.testng.reporters.JUnitReportReporter -->
<testsuite hostname="G-10" name="mainclass.TwitterShare" tests="6" failures="0" timestamp="17 Jun 2016 07:31:33 GMT" time="162.182" errors="0">
  <testcase name="TweetShare" time="11.461" classname="mainclass.TwitterShare"/>
  <testcase name="TweetLoginPage" time="44.558" classname="mainclass.TwitterShare"/>
  <testcase name="TweetShare" time="11.069" classname="mainclass.TwitterShare"/>
  <testcase name="TweetLoginPage" time="41.434" classname="mainclass.TwitterShare"/>
  <testcase name="TweetShare" time="10.777" classname="mainclass.TwitterShare"/>
  <testcase name="TweetLoginPage" time="42.883" classname="mainclass.TwitterShare"/>
</testsuite> <!-- mainclass.TwitterShare -->
