<?xml version="1.0" encoding="UTF-8"?>
<!-- Generated by org.testng.reporters.JUnitReportReporter -->
<testsuite hostname="G-10" name="mainclass.EmailShare" tests="18" failures="0" timestamp="17 Jun 2016 07:31:33 GMT" time="352.616" errors="0">
  <testcase name="testEmailShareEntervalidData" time="27.191" classname="mainclass.EmailShare"/>
  <testcase name="testEmailShare" time="10.129" classname="mainclass.EmailShare"/>
  <testcase name="testCopyUrl" time="47.755" classname="mainclass.EmailShare"/>
  <testcase name="testCopyUrl" time="46.590" classname="mainclass.EmailShare"/>
  <testcase name="testEmailShareEnterInvalidData" time="0.581" classname="mainclass.EmailShare"/>
  <testcase name="testPaymentLink" time="32.539" classname="mainclass.EmailShare"/>
  <testcase name="testEmailShare" time="10.316" classname="mainclass.EmailShare"/>
  <testcase name="testPaymentLink" time="28.816" classname="mainclass.EmailShare"/>
  <testcase name="testCopyUrl" time="46.927" classname="mainclass.EmailShare"/>
  <testcase name="testEmailShareEntervalidData" time="20.266" classname="mainclass.EmailShare"/>
  <testcase name="testEmailShareEnterNothing" time="0.303" classname="mainclass.EmailShare"/>
  <testcase name="testPaymentLink" time="33.981" classname="mainclass.EmailShare"/>
  <testcase name="testEmailShareEnterNothing" time="0.521" classname="mainclass.EmailShare"/>
  <testcase name="testEmailShareEntervalidData" time="35.845" classname="mainclass.EmailShare"/>
  <testcase name="testEmailShareEnterNothing" time="0.239" classname="mainclass.EmailShare"/>
  <testcase name="testEmailShareEnterInvalidData" time="0.212" classname="mainclass.EmailShare"/>
  <testcase name="testEmailShareEnterInvalidData" time="0.256" classname="mainclass.EmailShare"/>
  <testcase name="testEmailShare" time="10.149" classname="mainclass.EmailShare"/>
</testsuite> <!-- mainclass.EmailShare -->
