<?xml version="1.0" encoding="UTF-8"?>
<!-- Generated by org.testng.reporters.JUnitReportReporter -->
<testsuite hostname="G-10" name="safaribrowser.SafariCallFunctions" tests="9" failures="0" timestamp="17 Jun 2016 05:35:51 GMT" time="214.106" errors="0">
  <testcase name="testEnterDatails" time="15.188" classname="safaribrowser.SafariCallFunctions"/>
  <testcase name="testPaymentLink" time="19.785" classname="safaribrowser.SafariCallFunctions"/>
  <testcase name="TweetShare" time="11.000" classname="safaribrowser.SafariCallFunctions"/>
  <testcase name="testFBShare" time="36.065" classname="safaribrowser.SafariCallFunctions"/>
  <testcase name="testEmailPage" time="10.122" classname="safaribrowser.SafariCallFunctions"/>
  <testcase name="testEmailShare" time="0.089" classname="safaribrowser.SafariCallFunctions"/>
  <testcase name="testFBShareWindow" time="44.267" classname="safaribrowser.SafariCallFunctions"/>
  <testcase name="TweetLoginPage" time="40.164" classname="safaribrowser.SafariCallFunctions"/>
  <testcase name="testCopyUrl" time="37.426" classname="safaribrowser.SafariCallFunctions"/>
</testsuite> <!-- safaribrowser.SafariCallFunctions -->
